<?xml version="1.0" encoding="UTF-8"?>
<TestRun id="78d2f245-a13d-4401-bbd8-74909289a41c" name="osias@OSIAS-PC 2009-11-17 18:26:58" runUser="QUALIDATA\osias" xmlns="http://microsoft.com/schemas/VisualStudio/TeamTest/2006">
  <TestRunConfiguration name="Default Run Configuration" id="e7e82d80-a204-4f92-88bc-b539824e8f49">
    <Deployment runDeploymentRoot="D:\_GuitarMonics\svn-guitarmonics\trunk\Fontes\SongEditor\TestResults\osias_OSIAS-PC 2009-11-17 18_26_58">
      <DeploymentItem filename="C:\Program Files (x86)\NUnit 2.5.1\bin\net-1.1\framework\nunit.framework.dll" />
    </Deployment>
    <Hosts skipUnhostableTests="false" />
    <TestTypeSpecific />
  </TestRunConfiguration>
  <ResultSummary outcome="Error">
    <Counters total="1" executed="1" error="1" failed="0" timeout="0" aborted="0" inconclusive="0" passedButRunAborted="0" notRunnable="0" notExecuted="0" disconnected="0" warning="0" passed="0" completed="0" inProgress="0" pending="0" />
  </ResultSummary>
  <Times creation="2009-11-17T18:26:58.1160426-02:00" queuing="2009-11-17T18:27:00.6610426-02:00" start="2009-11-17T18:27:00.9340426-02:00" finish="2009-11-17T18:27:01.5910426-02:00" />
  <TestDefinitions>
    <NUnitTestElement name="MessagesReturnedWhenCheckingFileVersion" storage="d:\_guitarmonics\svn-guitarmonics\trunk\fontes\songeditor\guitarproimport.tests\bin\debug\guitarproimport.tests.dll" id="b9e19004-44f9-aafe-6ec5-684cfb351353">
      <Css projectStructure="" iteration="" />
      <Owners>
        <Owner name="" />
      </Owners>
      <Execution id="96ddb485-25f2-43ba-942a-5db38de1f1b4" />
    </NUnitTestElement>
  </TestDefinitions>
  <TestLists>
    <TestList name="Results Not in a List" id="8c84fa94-04c1-424b-9868-57a2d4851a1d" />
    <TestList name="All Loaded Results" id="19431567-8539-422a-85d7-44ee4e166bda" />
  </TestLists>
  <TestEntries>
    <TestEntry testId="b9e19004-44f9-aafe-6ec5-684cfb351353" executionId="96ddb485-25f2-43ba-942a-5db38de1f1b4" testListId="8c84fa94-04c1-424b-9868-57a2d4851a1d" />
  </TestEntries>
  <Results>
    <TestResult executionId="96ddb485-25f2-43ba-942a-5db38de1f1b4" testId="b9e19004-44f9-aafe-6ec5-684cfb351353" testName="MessagesReturnedWhenCheckingFileVersion" computerName="OSIAS-PC" duration="00:00:00.1060822" startTime="2009-11-17T18:27:00.9610426-02:00" endTime="2009-11-17T18:27:01.5030426-02:00" testType="d6af2cae-ad69-4f6b-94e9-14e2609e2389" outcome="Error" testListId="8c84fa94-04c1-424b-9868-57a2d4851a1d">
      <Output>
        <ErrorInfo>
          <Message>No method found: GuitarProImport.Tests.ImportTests, GuitarProImport.Tests, Version=1.0.0.0, Culture=neutral, PublicKeyToken=null, MessagesReturnedWhenCheckingFileVersion</Message>
        </ErrorInfo>
      </Output>
    </TestResult>
  </Results>
</TestRun>