<?xml version="1.0" encoding="UTF-8"?>
<TestRun id="0f4d3be7-278e-4e31-bfa5-91dd39114eff" name="Fabricio@FABRICIO-XPS15 2012-05-28 00:47:24" runUser="FABRICIO-XPS15\Fabricio" xmlns="http://microsoft.com/schemas/VisualStudio/TeamTest/2010">
  <TestSettings name="Default Test Settings" id="e676bb61-4418-4e7b-92ad-f2f141ce7a0f">
    <Deployment userDeploymentRoot="C:\1-Pessoal\Guitarmonics-OpenSource\trunk\source\MusicXmlImporter\TestResults" useDefaultDeploymentRoot="false" runDeploymentRoot="Fabricio_FABRICIO-XPS15 2012-05-28 00_47_24">
      <DeploymentItem filename="C:\1-Pessoal\Guitarmonics-OpenSource\trunk\source\AudioLib\AudioLib\bin\Debug\Guitarmonics.AudioLib.dll" />
      <DeploymentItem filename="C:\1-Pessoal\Guitarmonics-OpenSource\trunk\source\AudioLib\AudioLib.Tests\bin\Debug\Bass.Net.dll" />
      <DeploymentItem filename="C:\1-Pessoal\Guitarmonics-OpenSource\trunk\bin\NUnit\nunit.framework.dll" />
    </Deployment>
    <Execution>
      <TestTypeSpecific />
      <AgentRule name="Execution Agents">
      </AgentRule>
    </Execution>
  </TestSettings>
  <Times creation="2012-05-28T00:47:24.1334679-03:00" queuing="2012-05-28T00:47:25.0875107-03:00" start="2012-05-28T00:47:25.2175109-03:00" finish="2012-05-28T00:47:32.4287945-03:00" />
  <ResultSummary outcome="Completed">
    <Counters total="1" executed="1" passed="1" error="0" failed="0" timeout="0" aborted="0" inconclusive="0" passedButRunAborted="0" notRunnable="0" notExecuted="0" disconnected="0" warning="0" completed="0" inProgress="0" pending="0" />
  </ResultSummary>
  <TestDefinitions>
    <UnitTest name="ListAllNotesOfOneTrack" storage="c:\1-pessoal\guitarmonics-opensource\trunk\source\audiolib\audiolib.tests\bin\debug\guitarmonics.audiolib.tests.dll" id="5101603e-fcb5-8096-6aaa-f128a45c86be" xmlns="Guitarmonics.AudioLib.Tests.MusicXml">
      <Execution id="77116d4a-b187-4c15-b302-334d6ab452ce" xmlns="http://microsoft.com/schemas/VisualStudio/TeamTest/2010" />
      <TestMethod codeBase="C:\1-Pessoal\Guitarmonics-OpenSource\trunk\source\AudioLib\AudioLib.Tests\bin\Debug\Guitarmonics.AudioLib.Tests.dll" adapterTypeName="NUnitForVSTS.NUnitTest.NUnitTestAdapter, NUnitForVSTS.NUnitTest, Version=5.1.0.0, Culture=neutral, PublicKeyToken=null" className="Guitarmonics.AudioLib.Tests.MusicXml.GuitarMusicXmlImporterTest" name="ListAllNotesOfOneTrack" />
    </UnitTest>
  </TestDefinitions>
  <TestLists>
    <TestList name="Results Not in a List" id="8c84fa94-04c1-424b-9868-57a2d4851a1d" />
    <TestList name="All Loaded Results" id="19431567-8539-422a-85d7-44ee4e166bda" />
  </TestLists>
  <TestEntries>
    <TestEntry testId="5101603e-fcb5-8096-6aaa-f128a45c86be" executionId="77116d4a-b187-4c15-b302-334d6ab452ce" testListId="8c84fa94-04c1-424b-9868-57a2d4851a1d" />
  </TestEntries>
  <Results>
    <TestResultAggregation executionId="77116d4a-b187-4c15-b302-334d6ab452ce" testId="5101603e-fcb5-8096-6aaa-f128a45c86be" testName="ListAllNotesOfOneTrack" computerName="FABRICIO-XPS15" duration="00:00:06.0530000" startTime="2012-05-28T00:47:26.2037847-03:00" endTime="2012-05-28T00:47:32.2567847-03:00" testType="d6af2cae-ad69-4f6b-94e9-14e2609e2389" outcome="Passed" testListId="8c84fa94-04c1-424b-9868-57a2d4851a1d" relativeResultsDirectory="77116d4a-b187-4c15-b302-334d6ab452ce">
    </TestResultAggregation>
  </Results>
</TestRun>