<?xml version="1.0" encoding="UTF-8"?>
<TestRun id="f4903fa9-b6cb-4bc8-b0ed-919c0112e9d4" name="Fabricio@FABRICIO-XPS15 2012-05-28 01:03:00" runUser="FABRICIO-XPS15\Fabricio" xmlns="http://microsoft.com/schemas/VisualStudio/TeamTest/2010">
  <TestSettings name="Default Test Settings" id="eae8ab4c-c501-421d-9720-9957e5ab068a">
    <Deployment userDeploymentRoot="C:\1-Pessoal\Guitarmonics-OpenSource\trunk\source\MusicXmlImporter\TestResults" useDefaultDeploymentRoot="false" runDeploymentRoot="Fabricio_FABRICIO-XPS15 2012-05-28 01_03_00">
      <DeploymentItem filename="C:\1-Pessoal\Guitarmonics-OpenSource\trunk\source\AudioLib\AudioLib\bin\Debug\Guitarmonics.AudioLib.dll" />
      <DeploymentItem filename="C:\1-Pessoal\Guitarmonics-OpenSource\trunk\source\AudioLib\AudioLib.Tests\bin\Debug\Bass.Net.dll" />
      <DeploymentItem filename="C:\1-Pessoal\Guitarmonics-OpenSource\trunk\bin\NUnit\nunit.framework.dll" />
    </Deployment>
    <Execution>
      <TestTypeSpecific />
      <AgentRule name="Execution Agents">
      </AgentRule>
    </Execution>
  </TestSettings>
  <Times creation="2012-05-28T01:03:00.3715195-03:00" queuing="2012-05-28T01:03:00.5615215-03:00" start="2012-05-28T01:03:00.6055240-03:00" finish="2012-05-28T01:03:01.1465549-03:00" />
  <ResultSummary outcome="Failed">
    <Counters total="1" executed="1" error="0" failed="1" timeout="0" aborted="0" inconclusive="0" passedButRunAborted="0" notRunnable="0" notExecuted="0" disconnected="0" warning="0" passed="0" completed="0" inProgress="0" pending="0" />
  </ResultSummary>
  <TestDefinitions>
    <UnitTest name="ConvertNotesInGuitarScoreNote" storage="c:\1-pessoal\guitarmonics-opensource\trunk\source\audiolib\audiolib.tests\bin\debug\guitarmonics.audiolib.tests.dll" id="8bba3b16-2470-3fb2-89c0-d9ad87f585ab" xmlns="Guitarmonics.AudioLib.Tests.MusicXml">
      <Execution id="a66a3d97-2be2-4aab-a992-fd844459f7ea" xmlns="http://microsoft.com/schemas/VisualStudio/TeamTest/2010" />
      <TestMethod codeBase="C:\1-Pessoal\Guitarmonics-OpenSource\trunk\source\AudioLib\AudioLib.Tests\bin\Debug\Guitarmonics.AudioLib.Tests.dll" adapterTypeName="NUnitForVSTS.NUnitTest.NUnitTestAdapter, NUnitForVSTS.NUnitTest, Version=5.1.0.0, Culture=neutral, PublicKeyToken=null" className="Guitarmonics.AudioLib.Tests.MusicXml.GuitarMusicXmlImporterTest" name="ConvertNotesInGuitarScoreNote" />
    </UnitTest>
  </TestDefinitions>
  <TestLists>
    <TestList name="Results Not in a List" id="8c84fa94-04c1-424b-9868-57a2d4851a1d" />
    <TestList name="All Loaded Results" id="19431567-8539-422a-85d7-44ee4e166bda" />
  </TestLists>
  <TestEntries>
    <TestEntry testId="8bba3b16-2470-3fb2-89c0-d9ad87f585ab" executionId="a66a3d97-2be2-4aab-a992-fd844459f7ea" testListId="8c84fa94-04c1-424b-9868-57a2d4851a1d" />
  </TestEntries>
  <Results>
    <TestResultAggregation executionId="a66a3d97-2be2-4aab-a992-fd844459f7ea" testId="8bba3b16-2470-3fb2-89c0-d9ad87f585ab" testName="ConvertNotesInGuitarScoreNote" computerName="FABRICIO-XPS15" duration="00:00:00.0520000" startTime="2012-05-28T01:03:01.0305513-03:00" endTime="2012-05-28T01:03:01.0825513-03:00" testType="d6af2cae-ad69-4f6b-94e9-14e2609e2389" outcome="Failed" testListId="8c84fa94-04c1-424b-9868-57a2d4851a1d" relativeResultsDirectory="a66a3d97-2be2-4aab-a992-fd844459f7ea">
      <Output>
        <ErrorInfo>
          <Message>  Expected string length 0 but was 2. Strings differ at index 0.
  Expected: &lt;string.Empty&gt;
  But was:  "E9"
  -----------^
</Message>
          <StackTrace>   at NUnit.Framework.Assert.That(Object actual, IResolveConstraint expression, String message, Object[] args)
   at NUnit.Framework.Assert.AreEqual(Object expected, Object actual)
   at Guitarmonics.AudioLib.Tests.MusicXml.GuitarMusicXmlImporterTest.ConvertNotesInGuitarScoreNote() in C:\1-Pessoal\Guitarmonics-OpenSource\trunk\source\AudioLib\AudioLib.Tests\MusicXml\GuitarMusicXmlImporter.Test.cs:line 290</StackTrace>
        </ErrorInfo>
        <TextMessages>
          <Message>  Expected string length 0 but was 2. Strings differ at index 0.
  Expected: &lt;string.Empty&gt;
  But was:  "E9"
  -----------^
</Message>
        </TextMessages>
      </Output>
    </TestResultAggregation>
  </Results>
</TestRun>